here() starts at /n/data1/hsph/biostat/celehs/lab/kez641/DORM

Attaching package: ‘CVXR’

The following object is masked from ‘package:MASS’:

    huber

The following object is masked from ‘package:stats’:

    power

Loaded glmnet 4.1-8
randomForest 4.7-1.2
Type rfNews() to see new features/changes/bug fixes.
Loading required package: ggplot2

Attaching package: ‘ggplot2’

The following object is masked from ‘package:randomForest’:

    margin

Loading required package: lattice
Error in result$getValue(r) : attempt to apply non-function
Calls: get_DORM_beta -> maximin_s_beta -> mulcvxr
In addition: Warning message:
In unpack_problem(object, solution) :
  Solver returned with status solver_error
Execution halted
